<?xml version="1.0" encoding="UTF-8"?>
<!-- Generated by org.testng.reporters.JUnitReportReporter -->
<testsuite skipped="0" hostname="DESKTOP-0TTL98T" name="testcases.VerifyFundsTransfer" tests="2" failures="0" timestamp="14 Dec 2020 23:28:41 GMT" time="59.531" errors="0">
  <testcase name="PaymentTransfer" time="34.258" classname="testcases.VerifyFundsTransfer"/>
  <testcase name="PaymentTransfer" time="25.273" classname="testcases.VerifyFundsTransfer"/>
</testsuite> <!-- testcases.VerifyFundsTransfer -->
