<?xml version="1.0" encoding="UTF-8"?>
<!-- Generated by org.testng.reporters.JUnitReportReporter -->
<testsuite skipped="0" hostname="DESKTOP-0TTL98T" name="testcases.TC005VerifyFundsTransfer" tests="2" failures="0" timestamp="19 Dec 2020 17:00:25 GMT" time="79.755" errors="0">
  <testcase name="PaymentTransfer" time="43.681" classname="testcases.TC005VerifyFundsTransfer"/>
  <testcase name="PaymentTransfer" time="36.074" classname="testcases.TC005VerifyFundsTransfer"/>
</testsuite> <!-- testcases.TC005VerifyFundsTransfer -->
