<?xml version="1.0" encoding="UTF-8"?>
<!-- Generated by org.testng.reporters.JUnitReportReporter -->
<testsuite skipped="0" hostname="DESKTOP-0TTL98T" name="rough.ExtendReportTest" tests="1" failures="0" timestamp="17 Dec 2020 06:37:17 GMT" time="1.274" errors="0">
  <testcase name="loginTest" time="1.274" classname="rough.ExtendReportTest"/>
</testsuite> <!-- rough.ExtendReportTest -->
