<?xml version="1.0" encoding="UTF-8"?>
<!-- Generated by org.testng.reporters.JUnitReportReporter -->
<testsuite skipped="0" hostname="DESKTOP-0TTL98T" name="testcases.TC001VerifyLogin" tests="1" failures="0" timestamp="15 Dec 2020 16:31:56 GMT" time="7.286" errors="0">
  <testcase name="verifyLogin" time="7.286" classname="testcases.TC001VerifyLogin"/>
</testsuite> <!-- testcases.TC001VerifyLogin -->
