<?xml version="1.0" encoding="UTF-8"?>
<!-- Generated by org.testng.reporters.JUnitReportReporter -->
<testsuite skipped="0" hostname="DESKTOP-0TTL98T" name="testcases.TC005VerifyFundsTransfer" tests="2" failures="0" timestamp="19 Dec 2020 14:01:12 GMT" time="40.291" errors="0">
  <testcase name="PaymentTransfer" time="20.085" classname="testcases.TC005VerifyFundsTransfer"/>
  <testcase name="PaymentTransfer" time="20.206" classname="testcases.TC005VerifyFundsTransfer"/>
</testsuite> <!-- testcases.TC005VerifyFundsTransfer -->
