<?xml version="1.0" encoding="UTF-8"?>
<!-- Generated by org.testng.reporters.JUnitReportReporter -->
<testsuite skipped="0" hostname="DESKTOP-0TTL98T" name="testcases.TC004VerifyFundsTransfer" tests="2" failures="0" timestamp="15 Dec 2020 07:18:13 GMT" time="67.412" errors="0">
  <testcase name="PaymentTransfer" time="36.023" classname="testcases.TC004VerifyFundsTransfer"/>
  <testcase name="PaymentTransfer" time="31.389" classname="testcases.TC004VerifyFundsTransfer"/>
</testsuite> <!-- testcases.TC004VerifyFundsTransfer -->
