<?xml version="1.0" encoding="UTF-8"?>
<!-- Generated by org.testng.reporters.JUnitReportReporter -->
<testsuite skipped="0" hostname="DESKTOP-0TTL98T" name="testcases.TC003AddNewPayee" tests="2" failures="0" timestamp="15 Dec 2020 17:03:54 GMT" time="46.664" errors="0">
  <testcase name="verifyAddPayee" time="23.740" classname="testcases.TC003AddNewPayee"/>
  <testcase name="verifyAddPayee" time="22.924" classname="testcases.TC003AddNewPayee"/>
</testsuite> <!-- testcases.TC003AddNewPayee -->
