<?xml version="1.0" encoding="UTF-8"?>
<!-- Generated by org.testng.reporters.JUnitReportReporter -->
<testsuite skipped="0" hostname="DESKTOP-0TTL98T" name="testcases.TC002VerifySearch" tests="2" failures="0" timestamp="15 Dec 2020 16:20:36 GMT" time="2.274" errors="0">
  <testcase name="VerifySearch" time="1.292" classname="testcases.TC002VerifySearch"/>
  <testcase name="VerifySearch" time="0.982" classname="testcases.TC002VerifySearch"/>
</testsuite> <!-- testcases.TC002VerifySearch -->
