<?xml version="1.0" encoding="UTF-8"?>
<!-- Generated by org.testng.reporters.JUnitReportReporter -->
<testsuite skipped="0" hostname="DESKTOP-0TTL98T" name="testcases.TC001VerifyLandingPageTitle" tests="1" failures="0" timestamp="19 Dec 2020 16:06:58 GMT" time="8.423" errors="0">
  <testcase name="verifyLandingPageTitle" time="8.423" classname="testcases.TC001VerifyLandingPageTitle"/>
</testsuite> <!-- testcases.TC001VerifyLandingPageTitle -->
