<?xml version="1.0" encoding="UTF-8"?>
<!-- Generated by org.testng.reporters.JUnitReportReporter -->
<testsuite skipped="0" hostname="DESKTOP-0TTL98T" name="testcases.TC002VerifyLogin" tests="1" failures="0" timestamp="19 Dec 2020 14:01:12 GMT" time="10.785" errors="0">
  <testcase name="verifyLogin" time="10.785" classname="testcases.TC002VerifyLogin"/>
</testsuite> <!-- testcases.TC002VerifyLogin -->
