<?xml version="1.0" encoding="UTF-8"?>
<!-- Generated by org.testng.reporters.JUnitReportReporter -->
<testsuite skipped="0" hostname="DESKTOP-0TTL98T" name="testcases.VerifySearch" tests="2" failures="0" timestamp="14 Dec 2020 09:36:54 GMT" time="4.743" errors="0">
  <testcase name="VerifySearch" time="1.204" classname="testcases.VerifySearch"/>
  <testcase name="VerifySearch" time="3.539" classname="testcases.VerifySearch"/>
</testsuite> <!-- testcases.VerifySearch -->
