<?xml version="1.0" encoding="UTF-8"?>
<!-- Generated by org.testng.reporters.JUnitReportReporter -->
<testsuite skipped="0" hostname="DESKTOP-0TTL98T" name="testcases.TC004AddNewPayee" tests="2" failures="0" timestamp="19 Dec 2020 17:00:25 GMT" time="61.769" errors="0">
  <testcase name="verifyAddPayee" time="31.108" classname="testcases.TC004AddNewPayee"/>
  <testcase name="verifyAddPayee" time="30.661" classname="testcases.TC004AddNewPayee"/>
</testsuite> <!-- testcases.TC004AddNewPayee -->
