<?xml version="1.0" encoding="UTF-8"?>
<!-- Generated by org.testng.reporters.JUnitReportReporter -->
<testsuite skipped="0" hostname="DESKTOP-0TTL98T" name="testcases.TC002VerifyLogin2" tests="1" failures="0" timestamp="18 Dec 2020 17:23:07 GMT" time="9.573" errors="0">
  <testcase name="verifyLogin" time="9.573" classname="testcases.TC002VerifyLogin2"/>
</testsuite> <!-- testcases.TC002VerifyLogin2 -->
