<?xml version="1.0" encoding="UTF-8"?>
<!-- Generated by org.testng.reporters.JUnitReportReporter -->
<testsuite skipped="0" hostname="DESKTOP-0TTL98T" name="testcases.TC002AddPayee" tests="1" failures="0" timestamp="10 Dec 2020 00:20:13 GMT" time="50.380" errors="0">
  <testcase name="verifyAddPayee" time="50.380" classname="testcases.TC002AddPayee"/>
</testsuite> <!-- testcases.TC002AddPayee -->
