<?xml version="1.0" encoding="UTF-8"?>
<!-- Generated by org.testng.reporters.JUnitReportReporter -->
<testsuite skipped="0" hostname="DESKTOP-0TTL98T" name="testpages.MakeBillPayment" tests="2" failures="0" timestamp="14 Dec 2020 18:04:36 GMT" time="59.051" errors="0">
  <testcase name="verifyAddPayee" time="38.195" classname="testpages.MakeBillPayment"/>
  <testcase name="verifyAddPayee" time="20.856" classname="testpages.MakeBillPayment"/>
</testsuite> <!-- testpages.MakeBillPayment -->
