<?xml version="1.0" encoding="UTF-8"?>
<!-- Generated by org.testng.reporters.JUnitReportReporter -->
<testsuite skipped="0" hostname="DESKTOP-0TTL98T" name="testcases.TC003VerifySearch" tests="1" failures="0" timestamp="19 Dec 2020 13:00:28 GMT" time="0.926" errors="0">
  <testcase name="VerifySearch" time="0.926" classname="testcases.TC003VerifySearch"/>
</testsuite> <!-- testcases.TC003VerifySearch -->
