<?xml version="1.0" encoding="UTF-8"?>
<!-- Generated by org.testng.reporters.JUnitReportReporter -->
<testsuite skipped="0" hostname="DESKTOP-0TTL98T" name="testcases.TC004AddNewPayee" tests="2" failures="0" timestamp="19 Dec 2020 14:01:12 GMT" time="41.888" errors="0">
  <testcase name="verifyAddPayee" time="25.765" classname="testcases.TC004AddNewPayee"/>
  <testcase name="verifyAddPayee" time="16.123" classname="testcases.TC004AddNewPayee"/>
</testsuite> <!-- testcases.TC004AddNewPayee -->
